------------------------------------- End to run test case------------------------------------ - /Users/sean.yu/Documents/pytest-api-automatic/testcases/conftest.py[line:9]
------------------------------------- End to run test case------------------------------------ - /Users/sean.yu/Documents/pytest-api-automatic/testcases/conftest.py[line:9]
[INFO 2021-04-12 18:03:24]接口请求地址 ==>> https://postman-echo.com/time/before - /Users/sean.yu/Documents/pytest-api-automatic/core/Log.py[line:38]
[INFO 2021-04-12 18:03:24]接口请求方式 ==>> GET - /Users/sean.yu/Documents/pytest-api-automatic/core/Log.py[line:38]
------------------------------------- End to run test case------------------------------------ - /Users/sean.yu/Documents/pytest-api-automatic/testcases/conftest.py[line:9]
[INFO 2021-04-12 18:03:24]接口请求头 ==>> null - /Users/sean.yu/Documents/pytest-api-automatic/core/Log.py[line:38]
[INFO 2021-04-12 18:03:24]接口请求地址 ==>> https://postman-echo.com/time/before - /Users/sean.yu/Documents/pytest-api-automatic/core/Log.py[line:38]
[INFO 2021-04-12 18:03:24]接口请求 params 参数 ==>> {
    "timestamp": "",
    "target": "",
    "expected": "False"
} - /Users/sean.yu/Documents/pytest-api-automatic/core/Log.py[line:38]
[INFO 2021-04-12 18:03:24]接口请求体 data 参数 ==>> null - /Users/sean.yu/Documents/pytest-api-automatic/core/Log.py[line:38]
[INFO 2021-04-12 18:03:24]接口请求方式 ==>> GET - /Users/sean.yu/Documents/pytest-api-automatic/core/Log.py[line:38]
[INFO 2021-04-12 18:03:24]接口请求头 ==>> null - /Users/sean.yu/Documents/pytest-api-automatic/core/Log.py[line:38]
[INFO 2021-04-12 18:03:24]接口请求体 json 参数 ==>> null - /Users/sean.yu/Documents/pytest-api-automatic/core/Log.py[line:38]
[INFO 2021-04-12 18:03:24]接口请求 params 参数 ==>> {
    "timestamp": "abc",
    "target": "2019-6-30",
    "expected": "False"
} - /Users/sean.yu/Documents/pytest-api-automatic/core/Log.py[line:38]
[INFO 2021-04-12 18:03:24]接口上传附件 files 参数 ==>> None - /Users/sean.yu/Documents/pytest-api-automatic/core/Log.py[line:38]
[INFO 2021-04-12 18:03:24]接口请求体 data 参数 ==>> null - /Users/sean.yu/Documents/pytest-api-automatic/core/Log.py[line:38]
[INFO 2021-04-12 18:03:24]接口 cookies 参数 ==>> null - /Users/sean.yu/Documents/pytest-api-automatic/core/Log.py[line:38]
[INFO 2021-04-12 18:03:24]接口请求体 json 参数 ==>> null - /Users/sean.yu/Documents/pytest-api-automatic/core/Log.py[line:38]
[INFO 2021-04-12 18:03:24]接口上传附件 files 参数 ==>> None - /Users/sean.yu/Documents/pytest-api-automatic/core/Log.py[line:38]
[INFO 2021-04-12 18:03:24]接口 cookies 参数 ==>> null - /Users/sean.yu/Documents/pytest-api-automatic/core/Log.py[line:38]
[INFO 2021-04-12 18:03:24]接口请求地址 ==>> https://postman-echo.com/time/before - /Users/sean.yu/Documents/pytest-api-automatic/core/Log.py[line:38]
[INFO 2021-04-12 18:03:24]接口请求方式 ==>> GET - /Users/sean.yu/Documents/pytest-api-automatic/core/Log.py[line:38]
[INFO 2021-04-12 18:03:24]接口请求头 ==>> null - /Users/sean.yu/Documents/pytest-api-automatic/core/Log.py[line:38]
[INFO 2021-04-12 18:03:24]接口请求 params 参数 ==>> {
    "timestamp": "2017",
    "target": "2018",
    "expected": "True"
} - /Users/sean.yu/Documents/pytest-api-automatic/core/Log.py[line:38]
[INFO 2021-04-12 18:03:24]接口请求体 data 参数 ==>> null - /Users/sean.yu/Documents/pytest-api-automatic/core/Log.py[line:38]
[INFO 2021-04-12 18:03:24]接口请求体 json 参数 ==>> null - /Users/sean.yu/Documents/pytest-api-automatic/core/Log.py[line:38]
[INFO 2021-04-12 18:03:24]接口上传附件 files 参数 ==>> None - /Users/sean.yu/Documents/pytest-api-automatic/core/Log.py[line:38]
[INFO 2021-04-12 18:03:24]接口 cookies 参数 ==>> null - /Users/sean.yu/Documents/pytest-api-automatic/core/Log.py[line:38]
[INFO 2021-04-12 18:03:24]接口请求地址 ==>> https://postman-echo.com/time/before - /Users/sean.yu/Documents/pytest-api-automatic/core/Log.py[line:38]
[INFO 2021-04-12 18:03:24]接口请求方式 ==>> GET - /Users/sean.yu/Documents/pytest-api-automatic/core/Log.py[line:38]
------------------------------------- End to run test case------------------------------------ - /Users/sean.yu/Documents/pytest-api-automatic/testcases/conftest.py[line:9]
[INFO 2021-04-12 18:03:24]接口请求头 ==>> null - /Users/sean.yu/Documents/pytest-api-automatic/core/Log.py[line:38]
[INFO 2021-04-12 18:03:24]接口请求 params 参数 ==>> {
    "timestamp": "20190501",
    "target": "2019-6-30",
    "expected": "False"
} - /Users/sean.yu/Documents/pytest-api-automatic/core/Log.py[line:38]
[INFO 2021-04-12 18:03:24]接口请求体 data 参数 ==>> null - /Users/sean.yu/Documents/pytest-api-automatic/core/Log.py[line:38]
[INFO 2021-04-12 18:03:24]接口请求体 json 参数 ==>> null - /Users/sean.yu/Documents/pytest-api-automatic/core/Log.py[line:38]
[INFO 2021-04-12 18:03:24]接口上传附件 files 参数 ==>> None - /Users/sean.yu/Documents/pytest-api-automatic/core/Log.py[line:38]
[INFO 2021-04-12 18:03:24]接口 cookies 参数 ==>> null - /Users/sean.yu/Documents/pytest-api-automatic/core/Log.py[line:38]
------------------------------------- End to run test case------------------------------------ - /Users/sean.yu/Documents/pytest-api-automatic/testcases/conftest.py[line:9]
------------------------------------- End to run test case------------------------------------ - /Users/sean.yu/Documents/pytest-api-automatic/testcases/conftest.py[line:9]
------------------------------------- End to run test case------------------------------------ - /Users/sean.yu/Documents/pytest-api-automatic/testcases/conftest.py[line:9]
------------------------------------- End to run test case------------------------------------ - /Users/sean.yu/Documents/pytest-api-automatic/testcases/conftest.py[line:9]
[ERROR 2021-04-12 20:06:11]AssertionError: expect_code is 200, statusCode is 400  - /Users/sean.yu/Documents/pytest-api-automatic/core/Log.py[line:45]
[ERROR 2021-04-12 20:06:11]AssertionError: expect_code is 200, statusCode is 400  - /Users/sean.yu/Documents/pytest-api-automatic/core/Log.py[line:45]
[ERROR 2021-04-12 20:06:12]AssertionError: expect_code is 200, statusCode is 400  - /Users/sean.yu/Documents/pytest-api-automatic/core/Log.py[line:45]
[ERROR 2021-04-12 20:06:12]AssertionError: expect_code is 200, statusCode is 400  - /Users/sean.yu/Documents/pytest-api-automatic/core/Log.py[line:45]
[ERROR 2021-04-12 20:12:07]AssertionError: expect_code is 200, statusCode is 400  - /Users/sean.yu/Documents/pytest-api-automatic/core/Log.py[line:45]
[ERROR 2021-04-12 20:12:07]AssertionError: expect_code is 200, statusCode is 400  - /Users/sean.yu/Documents/pytest-api-automatic/core/Log.py[line:45]
[ERROR 2021-04-12 20:12:08]AssertionError: expect_code is 200, statusCode is 400  - /Users/sean.yu/Documents/pytest-api-automatic/core/Log.py[line:45]
[ERROR 2021-04-12 20:12:08]AssertionError: expect_code is 200, statusCode is 400  - /Users/sean.yu/Documents/pytest-api-automatic/core/Log.py[line:45]
[ERROR 2021-04-12 20:40:37]AssertionError: expect_code is 200, statusCode is 400  - /Users/sean.yu/Documents/pytest-api-automatic/core/Log.py[line:45]
[ERROR 2021-04-12 20:40:37]AssertionError: expect_code is 200, statusCode is 400  - /Users/sean.yu/Documents/pytest-api-automatic/core/Log.py[line:45]
[ERROR 2021-04-12 20:40:39]AssertionError: expect_code is 200, statusCode is 400  - /Users/sean.yu/Documents/pytest-api-automatic/core/Log.py[line:45]
[ERROR 2021-04-12 20:40:39]AssertionError: expect_code is 200, statusCode is 400  - /Users/sean.yu/Documents/pytest-api-automatic/core/Log.py[line:45]
[ERROR 2021-04-13 15:17:23]AssertionError: expect_code is 200, statusCode is 400  - /Users/sean.yu/Documents/pytest-api-automatic/core/Log.py[line:45]
[ERROR 2021-04-13 15:17:23]AssertionError: expect_code is 200, statusCode is 400  - /Users/sean.yu/Documents/pytest-api-automatic/core/Log.py[line:45]
[ERROR 2021-04-13 15:17:24]AssertionError: expect_code is 200, statusCode is 400  - /Users/sean.yu/Documents/pytest-api-automatic/core/Log.py[line:45]
[ERROR 2021-04-13 15:17:24]AssertionError: expect_code is 200, statusCode is 400  - /Users/sean.yu/Documents/pytest-api-automatic/core/Log.py[line:45]
[ERROR 2021-04-13 15:26:42]AssertionError: expect_code is 200, statusCode is 400  - /Users/sean.yu/Documents/pytest-api-automatic/core/Log.py[line:45]
[ERROR 2021-04-13 15:26:42]AssertionError: expect_code is 200, statusCode is 400  - /Users/sean.yu/Documents/pytest-api-automatic/core/Log.py[line:45]
[ERROR 2021-04-13 15:26:43]AssertionError: expect_code is 200, statusCode is 400  - /Users/sean.yu/Documents/pytest-api-automatic/core/Log.py[line:45]
[ERROR 2021-04-13 15:26:43]AssertionError: expect_code is 200, statusCode is 400  - /Users/sean.yu/Documents/pytest-api-automatic/core/Log.py[line:45]
[ERROR 2021-04-13 15:28:07]AssertionError: expect_code is 200, statusCode is 400  - /Users/sean.yu/Documents/pytest-api-automatic/core/Log.py[line:45]
[ERROR 2021-04-13 15:28:07]AssertionError: expect_code is 200, statusCode is 400  - /Users/sean.yu/Documents/pytest-api-automatic/core/Log.py[line:45]
[ERROR 2021-04-13 15:28:08]AssertionError: expect_code is 200, statusCode is 400  - /Users/sean.yu/Documents/pytest-api-automatic/core/Log.py[line:45]
[ERROR 2021-04-13 15:28:08]AssertionError: expect_code is 200, statusCode is 400  - /Users/sean.yu/Documents/pytest-api-automatic/core/Log.py[line:45]
[ERROR 2021-04-13 17:18:07]AssertionError: expect_code is 200, statusCode is 400  - /Users/sean.yu/Documents/pytest-api-automatic/core/Log.py[line:45]
[ERROR 2021-04-13 17:18:07]AssertionError: expect_code is 200, statusCode is 400  - /Users/sean.yu/Documents/pytest-api-automatic/core/Log.py[line:45]
[ERROR 2021-04-13 17:18:07]AssertionError: expect_code is 200, statusCode is 400  - /Users/sean.yu/Documents/pytest-api-automatic/core/Log.py[line:45]
[ERROR 2021-04-13 17:18:08]AssertionError: expect_code is 200, statusCode is 400  - /Users/sean.yu/Documents/pytest-api-automatic/core/Log.py[line:45]
[ERROR 2021-04-13 17:27:49]AssertionError: expect_code is 200, statusCode is 400  - /Users/sean.yu/Documents/pytest-api-automatic/core/Log.py[line:45]
[ERROR 2021-04-13 17:27:49]AssertionError: expect_code is 200, statusCode is 400  - /Users/sean.yu/Documents/pytest-api-automatic/core/Log.py[line:45]
[ERROR 2021-04-13 17:27:50]AssertionError: expect_code is 200, statusCode is 400  - /Users/sean.yu/Documents/pytest-api-automatic/core/Log.py[line:45]
[ERROR 2021-04-13 17:27:50]AssertionError: expect_code is 200, statusCode is 400  - /Users/sean.yu/Documents/pytest-api-automatic/core/Log.py[line:45]
[ERROR 2021-04-13 17:32:49]AssertionError: expect_code is 200, statusCode is 400  - /Users/sean.yu/Documents/pytest-api-automatic/core/Log.py[line:45]
[ERROR 2021-04-13 17:32:49]AssertionError: expect_code is 200, statusCode is 400  - /Users/sean.yu/Documents/pytest-api-automatic/core/Log.py[line:45]
[ERROR 2021-04-13 17:32:50]AssertionError: expect_code is 200, statusCode is 400  - /Users/sean.yu/Documents/pytest-api-automatic/core/Log.py[line:45]
[ERROR 2021-04-13 17:32:50]AssertionError: expect_code is 200, statusCode is 400  - /Users/sean.yu/Documents/pytest-api-automatic/core/Log.py[line:45]
[ERROR 2021-04-13 17:45:15]AssertionError: expect_code is 200, statusCode is 400  - /Users/sean.yu/Documents/pytest-api-automatic/core/Log.py[line:45]
[ERROR 2021-04-13 17:45:15]AssertionError: expect_code is 200, statusCode is 400  - /Users/sean.yu/Documents/pytest-api-automatic/core/Log.py[line:45]
[ERROR 2021-04-13 17:45:16]AssertionError: expect_code is 200, statusCode is 400  - /Users/sean.yu/Documents/pytest-api-automatic/core/Log.py[line:45]
[ERROR 2021-04-13 17:45:16]AssertionError: expect_code is 200, statusCode is 400  - /Users/sean.yu/Documents/pytest-api-automatic/core/Log.py[line:45]
[ERROR 2021-04-15 14:14:57]AssertionError: expect_code is 200, statusCode is 400  - /Users/sean.yu/Documents/pytest-api-automatic/core/Log.py[line:45]
[ERROR 2021-04-15 14:14:57]AssertionError: expect_code is 200, statusCode is 400  - /Users/sean.yu/Documents/pytest-api-automatic/core/Log.py[line:45]
[ERROR 2021-04-15 14:14:59]AssertionError: expect_code is 200, statusCode is 400  - /Users/sean.yu/Documents/pytest-api-automatic/core/Log.py[line:45]
[ERROR 2021-04-15 14:14:59]AssertionError: expect_code is 200, statusCode is 400  - /Users/sean.yu/Documents/pytest-api-automatic/core/Log.py[line:45]
[ERROR 2021-04-15 16:21:33]AssertionError: expect_code is 200, statusCode is 400  - /Users/sean.yu/Documents/pytest-api-automatic/core/Log.py[line:45]
[ERROR 2021-04-15 16:21:33]AssertionError: expect_code is 200, statusCode is 400  - /Users/sean.yu/Documents/pytest-api-automatic/core/Log.py[line:45]
[ERROR 2021-04-15 16:21:34]AssertionError: expect_code is 200, statusCode is 400  - /Users/sean.yu/Documents/pytest-api-automatic/core/Log.py[line:45]
[ERROR 2021-04-15 16:21:34]AssertionError: expect_code is 200, statusCode is 400  - /Users/sean.yu/Documents/pytest-api-automatic/core/Log.py[line:45]
[ERROR 2021-04-15 23:23:00]AssertionError: expect_code is 200, statusCode is 400  - /Users/sean.yu/Documents/pytest-api-automatic/core/Log.py[line:45]
[ERROR 2021-04-15 23:23:00]AssertionError: expect_code is 200, statusCode is 400  - /Users/sean.yu/Documents/pytest-api-automatic/core/Log.py[line:45]
[ERROR 2021-04-15 23:23:02]AssertionError: expect_code is 200, statusCode is 400  - /Users/sean.yu/Documents/pytest-api-automatic/core/Log.py[line:45]
[ERROR 2021-04-15 23:23:02]AssertionError: expect_code is 200, statusCode is 400  - /Users/sean.yu/Documents/pytest-api-automatic/core/Log.py[line:45]
[ERROR 2021-04-15 23:41:34]AssertionError: expect_code is 200, statusCode is 400  - /Users/sean.yu/Documents/pytest-api-automatic/core/Log.py[line:45]
[ERROR 2021-04-15 23:41:35]AssertionError: expect_code is 200, statusCode is 400  - /Users/sean.yu/Documents/pytest-api-automatic/core/Log.py[line:45]
[ERROR 2021-04-15 23:41:36]AssertionError: expect_code is 200, statusCode is 400  - /Users/sean.yu/Documents/pytest-api-automatic/core/Log.py[line:45]
[ERROR 2021-04-15 23:41:36]AssertionError: expect_code is 200, statusCode is 400  - /Users/sean.yu/Documents/pytest-api-automatic/core/Log.py[line:45]
[ERROR 2021-04-15 23:44:10]AssertionError: expect_code is 200, statusCode is 400  - /Users/sean.yu/Documents/pytest-api-automatic/core/Log.py[line:45]
[ERROR 2021-04-15 23:44:10]AssertionError: expect_code is 200, statusCode is 400  - /Users/sean.yu/Documents/pytest-api-automatic/core/Log.py[line:45]
[ERROR 2021-04-15 23:44:11]AssertionError: expect_code is 200, statusCode is 400  - /Users/sean.yu/Documents/pytest-api-automatic/core/Log.py[line:45]
[ERROR 2021-04-15 23:44:12]AssertionError: expect_code is 200, statusCode is 400  - /Users/sean.yu/Documents/pytest-api-automatic/core/Log.py[line:45]
[ERROR 2021-04-15 23:46:10]AssertionError: expect_code is 200, statusCode is 400  - /Users/sean.yu/Documents/pytest-api-automatic/core/Log.py[line:45]
[ERROR 2021-04-15 23:46:10]AssertionError: expect_code is 200, statusCode is 400  - /Users/sean.yu/Documents/pytest-api-automatic/core/Log.py[line:45]
[ERROR 2021-04-15 23:46:11]AssertionError: expect_code is 200, statusCode is 400  - /Users/sean.yu/Documents/pytest-api-automatic/core/Log.py[line:45]
[ERROR 2021-04-15 23:46:11]AssertionError: expect_code is 200, statusCode is 400  - /Users/sean.yu/Documents/pytest-api-automatic/core/Log.py[line:45]
[ERROR 2021-04-15 23:50:25]AssertionError: expect_code is 200, statusCode is 400  - /Users/sean.yu/Documents/pytest-api-automatic/core/Log.py[line:45]
[ERROR 2021-04-15 23:50:25]AssertionError: expect_code is 200, statusCode is 400  - /Users/sean.yu/Documents/pytest-api-automatic/core/Log.py[line:45]
[ERROR 2021-04-15 23:50:26]AssertionError: expect_code is 200, statusCode is 400  - /Users/sean.yu/Documents/pytest-api-automatic/core/Log.py[line:45]
[ERROR 2021-04-15 23:50:26]AssertionError: expect_code is 200, statusCode is 400  - /Users/sean.yu/Documents/pytest-api-automatic/core/Log.py[line:45]
